<?xml version="1.0" encoding="UTF-8"?>
<!-- Generated by org.testng.reporters.JUnitReportReporter -->
<testsuite skipped="0" hostname="DESKTOP-UARE31A" name="main.HelloJenkins" tests="1" failures="0" timestamp="19 Dec 2019 14:23:38 GMT" time="15.127" errors="0">
  <testcase name="test1" time="15.127" classname="main.HelloJenkins"/>
</testsuite> <!-- main.HelloJenkins -->
